<?xml version="1.0" encoding="UTF-8"?>
<!-- Generated by org.testng.reporters.JUnitReportReporter -->
<testsuite ignored="3" hostname="STREAMSOFT-0217" failures="0" tests="1" name="maven.CurrencyMethodsTest" time="0.394" errors="0" timestamp="24 mar 2021 08:04:56 GMT" skipped="0">
  <testcase classname="maven.CurrencyMethodsTest" name="should_return_date_from_last_avilable_data" time="0.394"/>
  <testcase classname="maven.CurrencyMethodsTest" name="should_return_dolar_exchange_rate_from_friday">
    <skipped/>
  </testcase> <!-- should_return_dolar_exchange_rate_from_friday -->
  <testcase classname="maven.CurrencyMethodsTest" name="should_throw_DataNotExistException_when_cant_get_data_ten_times">
    <skipped/>
  </testcase> <!-- should_throw_DataNotExistException_when_cant_get_data_ten_times -->
  <testcase classname="maven.CurrencyMethodsTest" name="should_return_dolar_exchange_rate_from_last_friday_before_weekend">
    <skipped/>
  </testcase> <!-- should_return_dolar_exchange_rate_from_last_friday_before_weekend -->
</testsuite> <!-- maven.CurrencyMethodsTest -->
