<?xml version="1.0" encoding="UTF-8"?>
<!-- Generated by org.testng.reporters.JUnitReportReporter -->
<testsuite ignored="0" hostname="STREAMSOFT-0217" failures="0" tests="9" name="maven.DateWeekendTest" time="0.005" errors="0" timestamp="22 mar 2021 08:23:19 GMT" skipped="0">
  <testcase classname="maven.DateWeekendTest" name="testWeekendDayTrue" time="0.000"/>
  <testcase classname="maven.DateWeekendTest" name="testChangeDateIfIsAWeekend1" time="0.000"/>
  <testcase classname="maven.DateWeekendTest" name="testWeekendDayFalse3" time="0.001"/>
  <testcase classname="maven.DateWeekendTest" name="testWeekendDayFalse2" time="0.000"/>
  <testcase classname="maven.DateWeekendTest" name="testWeekendDayTrue2" time="0.001"/>
  <testcase classname="maven.DateWeekendTest" name="testChangeDateIfIsAWeekend2" time="0.001"/>
  <testcase classname="maven.DateWeekendTest" name="testWeekendDayTrue1" time="0.000"/>
  <testcase classname="maven.DateWeekendTest" name="testChangeDateIfIsAWeekend" time="0.001"/>
  <testcase classname="maven.DateWeekendTest" name="testWeekendDayFalse" time="0.001"/>
</testsuite> <!-- maven.DateWeekendTest -->
