<?xml version="1.0" encoding="UTF-8"?>
<!-- Generated by org.testng.reporters.JUnitReportReporter -->
<testsuite ignored="3" hostname="STREAMSOFT-0217" failures="0" tests="1" name="maven.BackDayTest" time="0.017" errors="0" timestamp="22 mar 2021 11:52:58 GMT" skipped="0">
  <testcase classname="maven.BackDayTest" name="testBackWeekend3" time="0.017"/>
  <testcase classname="maven.BackDayTest" name="testBackWeekend">
    <skipped/>
  </testcase> <!-- testBackWeekend -->
  <testcase classname="maven.BackDayTest" name="testBackWeekend2">
    <skipped/>
  </testcase> <!-- testBackWeekend2 -->
  <testcase classname="maven.BackDayTest" name="testBackDay">
    <skipped/>
  </testcase> <!-- testBackDay -->
</testsuite> <!-- maven.BackDayTest -->
