<?xml version="1.0" encoding="UTF-8"?>
<!-- Generated by org.testng.reporters.JUnitReportReporter -->
<testsuite ignored="0" hostname="STREAMSOFT-0217" failures="0" tests="3" name="maven.DateWeekendTet" time="0.001" errors="0" timestamp="19 mar 2021 12:00:47 GMT" skipped="0">
  <testcase classname="maven.DateWeekendTet" name="testChangeDateIfIsAWeekend" time="0.000"/>
  <testcase classname="maven.DateWeekendTet" name="testWeekendDayTrue" time="0.001"/>
  <testcase classname="maven.DateWeekendTet" name="testWeekendDayFalse" time="0.000"/>
</testsuite> <!-- maven.DateWeekendTet -->
