<?xml version="1.0" encoding="UTF-8"?>
<!-- Generated by org.testng.reporters.JUnitReportReporter -->
<testsuite ignored="1" hostname="STREAMSOFT-0217" failures="0" tests="1" name="maven.ConnectorTest" time="0.082" errors="0" timestamp="23 mar 2021 09:37:04 GMT" skipped="0">
  <testcase classname="maven.ConnectorTest" name="exceptionDataNotExistTest1" time="0.082"/>
  <testcase classname="maven.ConnectorTest" name="exceptionDataNotExistTest">
    <skipped/>
  </testcase> <!-- exceptionDataNotExistTest -->
</testsuite> <!-- maven.ConnectorTest -->
