<?xml version="1.0" encoding="UTF-8"?>
<!-- Generated by org.testng.reporters.JUnitReportReporter -->
<testsuite ignored="3" hostname="STREAMSOFT-0217" failures="0" tests="1" name="maven.DateValidTest" time="0.049" errors="0" timestamp="23 mar 2021 09:22:02 GMT" skipped="0">
  <testcase classname="maven.DateValidTest" name="testDateFromFuture2" time="0.049"/>
  <testcase classname="maven.DateValidTest" name="testDateFromFuture">
    <skipped/>
  </testcase> <!-- testDateFromFuture -->
  <testcase classname="maven.DateValidTest" name="testDateValid">
    <skipped/>
  </testcase> <!-- testDateValid -->
  <testcase classname="maven.DateValidTest" name="testDataFromFuture3">
    <skipped/>
  </testcase> <!-- testDataFromFuture3 -->
</testsuite> <!-- maven.DateValidTest -->
