<?xml version="1.0" encoding="UTF-8"?>
<!-- Generated by org.testng.reporters.JUnitReportReporter -->
<testsuite ignored="2" hostname="STREAMSOFT-0217" failures="0" tests="1" name="maven.DateWeekendTest" time="0.020" errors="0" timestamp="23 mar 2021 09:37:29 GMT" skipped="0">
  <testcase classname="maven.DateWeekendTest" name="testChangeDateIfIsAWeekend1" time="0.020"/>
  <testcase classname="maven.DateWeekendTest" name="testChangeDateIfIsAWeekend2">
    <skipped/>
  </testcase> <!-- testChangeDateIfIsAWeekend2 -->
  <testcase classname="maven.DateWeekendTest" name="testChangeDateIfIsAWeekend">
    <skipped/>
  </testcase> <!-- testChangeDateIfIsAWeekend -->
</testsuite> <!-- maven.DateWeekendTest -->
