<?xml version="1.0" encoding="UTF-8"?>
<!-- Generated by org.testng.reporters.JUnitReportReporter -->
<testsuite ignored="3" hostname="STREAMSOFT-0217" failures="0" tests="1" name="maven.DateValidTest" time="0.031" errors="0" timestamp="22 mar 2021 11:24:26 GMT" skipped="0">
  <testcase classname="maven.DateValidTest" name="testDateValid" time="0.031"/>
  <testcase classname="maven.DateValidTest" name="testDateFromFuture">
    <skipped/>
  </testcase> <!-- testDateFromFuture -->
  <testcase classname="maven.DateValidTest" name="testDataFromFuture3">
    <skipped/>
  </testcase> <!-- testDataFromFuture3 -->
  <testcase classname="maven.DateValidTest" name="testDateFromFuture2">
    <skipped/>
  </testcase> <!-- testDateFromFuture2 -->
</testsuite> <!-- maven.DateValidTest -->
