<?xml version="1.0" encoding="UTF-8"?>
<!-- Generated by org.testng.reporters.JUnitReportReporter -->
<testsuite ignored="3" hostname="STREAMSOFT-0217" failures="0" tests="1" name="maven.DateValidTest" time="0.031" errors="0" timestamp="24 mar 2021 07:17:33 GMT" skipped="0">
  <testcase classname="maven.DateValidTest" name="should_return_" time="0.031"/>
  <testcase classname="maven.DateValidTest" name="should_return_false_from_checkIfDateisFromFuture">
    <skipped/>
  </testcase> <!-- should_return_false_from_checkIfDateisFromFuture -->
  <testcase classname="maven.DateValidTest" name="should_return_true_if_date_is_from_future">
    <skipped/>
  </testcase> <!-- should_return_true_if_date_is_from_future -->
  <testcase classname="maven.DateValidTest" name="testDataFromFuture3">
    <skipped/>
  </testcase> <!-- testDataFromFuture3 -->
</testsuite> <!-- maven.DateValidTest -->
