<?xml version="1.0" encoding="UTF-8"?>
<!-- Generated by org.testng.reporters.JUnitReportReporter -->
<testsuite ignored="0" hostname="STREAMSOFT-0217" failures="0" tests="1" name="maven.ConnectorTest" time="0.341" errors="0" timestamp="23 mar 2021 21:34:14 GMT" skipped="0">
  <testcase classname="maven.ConnectorTest" name="should_throw_DataNotExistException" time="0.341"/>
</testsuite> <!-- maven.ConnectorTest -->
